C:\USERS\ROSALíA\DOCUMENTS\VISUAL STUDIO 2012\PROJECTS\DETECTION\DETECTION\X64\RELEASE\VIOLAJONES.OBJ
C:\USERS\ROSALíA\DOCUMENTS\VISUAL STUDIO 2012\PROJECTS\DETECTION\DETECTION\X64\RELEASE\RUNNABLE.OBJ
C:\USERS\ROSALíA\DOCUMENTS\VISUAL STUDIO 2012\PROJECTS\DETECTION\DETECTION\X64\RELEASE\MAIN.OBJ
C:\USERS\ROSALíA\DOCUMENTS\VISUAL STUDIO 2012\PROJECTS\DETECTION\DETECTION\X64\RELEASE\DRAWRESULTS.OBJ
C:\USERS\ROSALíA\DOCUMENTS\VISUAL STUDIO 2012\PROJECTS\DETECTION\DETECTION\X64\RELEASE\DETECTIONBASED.OBJ
C:\USERS\ROSALíA\DOCUMENTS\VISUAL STUDIO 2012\PROJECTS\DETECTION\DETECTION\X64\RELEASE\BACKGROUNDSEGMENTATION.OBJ
C:\USERS\ROSALÍA\DOCUMENTS\VISUAL STUDIO 2012\PROJECTS\DETECTION\DETECTION\X64\RELEASE\BACKGROUNDSEGMENTATION.OBJ
C:\USERS\ROSALÍA\DOCUMENTS\VISUAL STUDIO 2012\PROJECTS\DETECTION\DETECTION\X64\RELEASE\DRAWRESULTS.OBJ
C:\USERS\ROSALÍA\DOCUMENTS\VISUAL STUDIO 2012\PROJECTS\DETECTION\DETECTION\X64\RELEASE\RUNNABLE.OBJ
C:\USERS\ROSALÍA\DOCUMENTS\VISUAL STUDIO 2012\PROJECTS\DETECTION\DETECTION\X64\RELEASE\DETECTIONBASED.OBJ
C:\USERS\ROSALÍA\DOCUMENTS\VISUAL STUDIO 2012\PROJECTS\DETECTION\DETECTION\X64\RELEASE\VIOLAJONES.OBJ
C:\USERS\ROSALÍA\DOCUMENTS\VISUAL STUDIO 2012\PROJECTS\DETECTION\DETECTION\X64\RELEASE\MAIN.OBJ
C:\USERS\ROSALíA\DOCUMENTS\VISUAL STUDIO 2012\PROJECTS\DETECTION\DETECTION\X64\RELEASE\DETECTION_BASED_TRACKER.OBJ
C:\USERS\ROSALÍA\DOCUMENTS\VISUAL STUDIO 2012\PROJECTS\DETECTION\DETECTION\X64\RELEASE\VC110.PDB
C:\USERS\ROSALíA\DOCUMENTS\VISUAL STUDIO 2012\PROJECTS\DETECTION\X64\RELEASE\DETECTION.EXE
C:\USERS\ROSALÍA\DOCUMENTS\VISUAL STUDIO 2012\PROJECTS\DETECTION\X64\RELEASE\DETECTION.PDB
C:\Users\Rosalía\Documents\Visual Studio 2012\Projects\Detection\Detection\x64\Release\BackgroundSegmentation.obj
C:\Users\Rosalía\Documents\Visual Studio 2012\Projects\Detection\Detection\x64\Release\DetectionBased.obj
C:\Users\Rosalía\Documents\Visual Studio 2012\Projects\Detection\Detection\x64\Release\detection_based_tracker.obj
C:\Users\Rosalía\Documents\Visual Studio 2012\Projects\Detection\Detection\x64\Release\DrawResults.obj
C:\Users\Rosalía\Documents\Visual Studio 2012\Projects\Detection\Detection\x64\Release\main.obj
C:\Users\Rosalía\Documents\Visual Studio 2012\Projects\Detection\Detection\x64\Release\Runnable.obj
C:\Users\Rosalía\Documents\Visual Studio 2012\Projects\Detection\Detection\x64\Release\ViolaJones.obj
C:\Users\Rosalía\Documents\Visual Studio 2012\Projects\Detection\Detection\x64\Release\cl.command.1.tlog
C:\Users\Rosalía\Documents\Visual Studio 2012\Projects\Detection\Detection\x64\Release\CL.read.1.tlog
C:\Users\Rosalía\Documents\Visual Studio 2012\Projects\Detection\Detection\x64\Release\CL.write.1.tlog
C:\Users\Rosalía\Documents\Visual Studio 2012\Projects\Detection\Detection\x64\Release\link-cvtres.read.1.tlog
C:\Users\Rosalía\Documents\Visual Studio 2012\Projects\Detection\Detection\x64\Release\link-cvtres.write.1.tlog
C:\Users\Rosalía\Documents\Visual Studio 2012\Projects\Detection\Detection\x64\Release\link-rc.read.1.tlog
C:\Users\Rosalía\Documents\Visual Studio 2012\Projects\Detection\Detection\x64\Release\link-rc.write.1.tlog
C:\Users\Rosalía\Documents\Visual Studio 2012\Projects\Detection\Detection\x64\Release\link.command.1.tlog
C:\Users\Rosalía\Documents\Visual Studio 2012\Projects\Detection\Detection\x64\Release\link.read.1.tlog
C:\Users\Rosalía\Documents\Visual Studio 2012\Projects\Detection\Detection\x64\Release\link.write.1.tlog
C:\Users\Rosalía\Documents\Visual Studio 2012\Projects\Detection\Detection\x64\Release\vc110.pdb
C:\Users\Rosalía\Documents\Visual Studio 2012\Projects\Detection\x64\Release\Detection.pdb
C:\Users\Rosalía\Documents\Visual Studio 2012\Projects\Detection\x64\Release\Detection.exe
